  Button.cpp
  board.cpp
C:\Users\Jason\OneDrive - University of Florida\Documents\GitHub\Minesweeper\minesweeper\Minesweeper\board.cpp(87,13): warning C4244: 'argument': conversion from 'time_t' to 'unsigned int', possible loss of data
C:\Users\Jason\OneDrive - University of Florida\Documents\GitHub\Minesweeper\minesweeper\Minesweeper\board.cpp(208,22): warning C4018: '<': signed/unsigned mismatch
  main.cpp
C:\Users\Jason\OneDrive - University of Florida\Documents\GitHub\Minesweeper\minesweeper\Minesweeper\main.cpp(46,50): warning C4244: 'argument': conversion from 'int' to 'T', possible loss of data
C:\Users\Jason\OneDrive - University of Florida\Documents\GitHub\Minesweeper\minesweeper\Minesweeper\main.cpp(46,50): warning C4244:         with
C:\Users\Jason\OneDrive - University of Florida\Documents\GitHub\Minesweeper\minesweeper\Minesweeper\main.cpp(46,50): warning C4244:         [
C:\Users\Jason\OneDrive - University of Florida\Documents\GitHub\Minesweeper\minesweeper\Minesweeper\main.cpp(46,50): warning C4244:             T=float
C:\Users\Jason\OneDrive - University of Florida\Documents\GitHub\Minesweeper\minesweeper\Minesweeper\main.cpp(46,50): warning C4244:         ]
C:\Users\Jason\OneDrive - University of Florida\Documents\GitHub\Minesweeper\minesweeper\Minesweeper\main.cpp(46,40): warning C4244: 'argument': conversion from 'int' to 'T', possible loss of data
C:\Users\Jason\OneDrive - University of Florida\Documents\GitHub\Minesweeper\minesweeper\Minesweeper\main.cpp(46,40): warning C4244:         with
C:\Users\Jason\OneDrive - University of Florida\Documents\GitHub\Minesweeper\minesweeper\Minesweeper\main.cpp(46,40): warning C4244:         [
C:\Users\Jason\OneDrive - University of Florida\Documents\GitHub\Minesweeper\minesweeper\Minesweeper\main.cpp(46,40): warning C4244:             T=float
C:\Users\Jason\OneDrive - University of Florida\Documents\GitHub\Minesweeper\minesweeper\Minesweeper\main.cpp(46,40): warning C4244:         ]
C:\Users\Jason\OneDrive - University of Florida\Documents\GitHub\Minesweeper\minesweeper\Minesweeper\main.cpp(50,67): warning C4244: 'argument': conversion from 'int' to 'float', possible loss of data
C:\Users\Jason\OneDrive - University of Florida\Documents\GitHub\Minesweeper\minesweeper\Minesweeper\main.cpp(50,51): warning C4244: 'argument': conversion from 'int' to 'float', possible loss of data
C:\Users\Jason\OneDrive - University of Florida\Documents\GitHub\Minesweeper\minesweeper\Minesweeper\main.cpp(51,63): warning C4244: 'argument': conversion from 'int' to 'float', possible loss of data
C:\Users\Jason\OneDrive - University of Florida\Documents\GitHub\Minesweeper\minesweeper\Minesweeper\main.cpp(51,47): warning C4244: 'argument': conversion from 'int' to 'float', possible loss of data
C:\Users\Jason\OneDrive - University of Florida\Documents\GitHub\Minesweeper\minesweeper\Minesweeper\main.cpp(52,64): warning C4244: 'argument': conversion from 'int' to 'float', possible loss of data
C:\Users\Jason\OneDrive - University of Florida\Documents\GitHub\Minesweeper\minesweeper\Minesweeper\main.cpp(52,47): warning C4244: 'argument': conversion from 'int' to 'float', possible loss of data
C:\Users\Jason\OneDrive - University of Florida\Documents\GitHub\Minesweeper\minesweeper\Minesweeper\main.cpp(53,64): warning C4244: 'argument': conversion from 'int' to 'float', possible loss of data
C:\Users\Jason\OneDrive - University of Florida\Documents\GitHub\Minesweeper\minesweeper\Minesweeper\main.cpp(53,47): warning C4244: 'argument': conversion from 'int' to 'float', possible loss of data
C:\Users\Jason\OneDrive - University of Florida\Documents\GitHub\Minesweeper\minesweeper\Minesweeper\main.cpp(54,64): warning C4244: 'argument': conversion from 'int' to 'float', possible loss of data
C:\Users\Jason\OneDrive - University of Florida\Documents\GitHub\Minesweeper\minesweeper\Minesweeper\main.cpp(54,47): warning C4244: 'argument': conversion from 'int' to 'float', possible loss of data
C:\Users\Jason\OneDrive - University of Florida\Documents\GitHub\Minesweeper\minesweeper\Minesweeper\main.cpp(64,44): warning C4244: 'argument': conversion from 'int' to 'float', possible loss of data
C:\Users\Jason\OneDrive - University of Florida\Documents\GitHub\Minesweeper\minesweeper\Minesweeper\main.cpp(65,45): warning C4244: 'argument': conversion from 'int' to 'float', possible loss of data
C:\Users\Jason\OneDrive - University of Florida\Documents\GitHub\Minesweeper\minesweeper\Minesweeper\main.cpp(66,46): warning C4244: 'argument': conversion from 'int' to 'float', possible loss of data
C:\Users\Jason\OneDrive - University of Florida\Documents\GitHub\Minesweeper\minesweeper\Minesweeper\main.cpp(67,44): warning C4244: 'argument': conversion from 'int' to 'float', possible loss of data
C:\Users\Jason\OneDrive - University of Florida\Documents\GitHub\Minesweeper\minesweeper\Minesweeper\main.cpp(235,23): warning C4244: 'initializing': conversion from 'int' to 'float', possible loss of data
C:\Users\Jason\OneDrive - University of Florida\Documents\GitHub\Minesweeper\minesweeper\Minesweeper\main.cpp(236,24): warning C4244: 'initializing': conversion from 'int' to 'float', possible loss of data
C:\Users\Jason\OneDrive - University of Florida\Documents\GitHub\Minesweeper\minesweeper\Minesweeper\main.cpp(242,56): warning C4244: 'argument': conversion from 'float' to 'unsigned int', possible loss of data
C:\Users\Jason\OneDrive - University of Florida\Documents\GitHub\Minesweeper\minesweeper\Minesweeper\main.cpp(242,43): warning C4244: 'argument': conversion from 'float' to 'unsigned int', possible loss of data
C:\Users\Jason\OneDrive - University of Florida\Documents\GitHub\Minesweeper\minesweeper\Minesweeper\main.cpp(446,58): warning C4244: '=': conversion from 'int' to 'float', possible loss of data
C:\Users\Jason\OneDrive - University of Florida\Documents\GitHub\Minesweeper\minesweeper\Minesweeper\main.cpp(447,64): warning C4244: '=': conversion from 'int' to 'float', possible loss of data
C:\Users\Jason\OneDrive - University of Florida\Documents\GitHub\Minesweeper\minesweeper\Minesweeper\main.cpp(448,93): warning C4244: 'argument': conversion from 'float' to 'int', possible loss of data
C:\Users\Jason\OneDrive - University of Florida\Documents\GitHub\Minesweeper\minesweeper\Minesweeper\main.cpp(448,80): warning C4244: 'argument': conversion from 'float' to 'int', possible loss of data
C:\Users\Jason\OneDrive - University of Florida\Documents\GitHub\Minesweeper\minesweeper\Minesweeper\main.cpp(465,58): warning C4244: '=': conversion from 'int' to 'float', possible loss of data
C:\Users\Jason\OneDrive - University of Florida\Documents\GitHub\Minesweeper\minesweeper\Minesweeper\main.cpp(466,64): warning C4244: '=': conversion from 'int' to 'float', possible loss of data
C:\Users\Jason\OneDrive - University of Florida\Documents\GitHub\Minesweeper\minesweeper\Minesweeper\main.cpp(467,93): warning C4244: 'argument': conversion from 'float' to 'int', possible loss of data
C:\Users\Jason\OneDrive - University of Florida\Documents\GitHub\Minesweeper\minesweeper\Minesweeper\main.cpp(467,80): warning C4244: 'argument': conversion from 'float' to 'int', possible loss of data
C:\Users\Jason\OneDrive - University of Florida\Documents\GitHub\Minesweeper\minesweeper\Minesweeper\main.cpp(484,58): warning C4244: '=': conversion from 'int' to 'float', possible loss of data
C:\Users\Jason\OneDrive - University of Florida\Documents\GitHub\Minesweeper\minesweeper\Minesweeper\main.cpp(485,64): warning C4244: '=': conversion from 'int' to 'float', possible loss of data
C:\Users\Jason\OneDrive - University of Florida\Documents\GitHub\Minesweeper\minesweeper\Minesweeper\main.cpp(486,93): warning C4244: 'argument': conversion from 'float' to 'int', possible loss of data
C:\Users\Jason\OneDrive - University of Florida\Documents\GitHub\Minesweeper\minesweeper\Minesweeper\main.cpp(486,80): warning C4244: 'argument': conversion from 'float' to 'int', possible loss of data
C:\Users\Jason\OneDrive - University of Florida\Documents\GitHub\Minesweeper\minesweeper\Minesweeper\main.cpp(499,58): warning C4244: '=': conversion from 'int' to 'float', possible loss of data
C:\Users\Jason\OneDrive - University of Florida\Documents\GitHub\Minesweeper\minesweeper\Minesweeper\main.cpp(500,64): warning C4244: '=': conversion from 'int' to 'float', possible loss of data
C:\Users\Jason\OneDrive - University of Florida\Documents\GitHub\Minesweeper\minesweeper\Minesweeper\main.cpp(501,93): warning C4244: 'argument': conversion from 'float' to 'int', possible loss of data
C:\Users\Jason\OneDrive - University of Florida\Documents\GitHub\Minesweeper\minesweeper\Minesweeper\main.cpp(501,80): warning C4244: 'argument': conversion from 'float' to 'int', possible loss of data
  Generating code
  6 of 1046 functions ( 0.6%) were compiled, the rest were copied from previous compilation.
    0 functions were new in current compilation
    12 functions had inline decision re-evaluated but remain unchanged
  Finished generating code
  Minesweeper.vcxproj -> C:\Users\Jason\OneDrive - University of Florida\Documents\GitHub\Minesweeper\minesweeper\Release\Minesweeper.exe
